This file contains any messages produced by compilers while
running configure, to aid debugging if configure makes a mistake.

configure:548: checking host system type
configure:585: checking for gcc
configure:662: checking whether the C compiler (gcc  ) works
configure:676: gcc -o conftest    conftest.c  1>&5
configure:696: checking whether the C compiler (gcc  ) is a cross-compiler
configure:701: checking whether we are using GNU C
configure:710: gcc -E conftest.c
configure:725: checking whether gcc accepts -g
configure:755: checking for ranlib
configure:783: checking for pthread_create in -lpthread
configure:802: gcc -o conftest -g -O2   conftest.c -lpthread   1>&5
configure:885: checking for t_open in -lnsl
configure:904: gcc -o conftest -g -O2 -D_REENTRANT   conftest.c -lnsl  -lpthread  1>&5
/usr/bin/ld: can't locate file for: -lnsl
collect2: ld returned 1 exit status
configure: failed program was:
#line 893 "configure"
#include "confdefs.h"
/* Override any gcc2 internal prototype to avoid an error.  */
/* We use char because int might match the return type of a gcc2
    builtin and then its argument prototype would still apply.  */
char t_open();

int main() {
t_open()
; return 0; }
configure:932: checking for socket in -lsocket
configure:951: gcc -o conftest -g -O2 -D_REENTRANT   conftest.c -lsocket  -lpthread  1>&5
/usr/bin/ld: can't locate file for: -lsocket
collect2: ld returned 1 exit status
configure: failed program was:
#line 940 "configure"
#include "confdefs.h"
/* Override any gcc2 internal prototype to avoid an error.  */
/* We use char because int might match the return type of a gcc2
    builtin and then its argument prototype would still apply.  */
char socket();

int main() {
socket()
; return 0; }
configure:980: checking for /usr/local/bind/lib/libbind.a
configure:987: checking for /Users/tom/libbind.a
configure:994: checking for /Users/tom/libresolv.a
configure:1001: checking for res_init in -lresolv
configure:1020: gcc -o conftest -g -O2 -D_REENTRANT   conftest.c -lresolv  -lpthread  1>&5
configure:1052: checking for t_open in -lxti
configure:1071: gcc -o conftest -g -O2 -D_REENTRANT   conftest.c -lxti  -lresolv -lpthread  1>&5
/usr/bin/ld: can't locate file for: -lxti
collect2: ld returned 1 exit status
configure: failed program was:
#line 1060 "configure"
#include "confdefs.h"
/* Override any gcc2 internal prototype to avoid an error.  */
/* We use char because int might match the return type of a gcc2
    builtin and then its argument prototype would still apply.  */
char t_open();

int main() {
t_open()
; return 0; }
configure:1100: checking for /Users/tom/libunp.a
configure:1112: checking for /Users/tom/libunpxti.a
configure:1124: checking how to run the C preprocessor
configure:1145: gcc -E  conftest.c >/dev/null 2>conftest.out
configure:1185: checking for ANSI C header files
configure:1198: gcc -E  conftest.c >/dev/null 2>conftest.out
configure:1265: gcc -o conftest -g -O2 -D_REENTRANT   conftest.c -lresolv -lpthread  1>&5
configure: In function 'main':
configure:1260: warning: incompatible implicit declaration of built-in function 'exit'
configure:1292: checking for sys/types.h
configure:1302: gcc -E  conftest.c >/dev/null 2>conftest.out
configure:1292: checking for sys/socket.h
configure:1302: gcc -E  conftest.c >/dev/null 2>conftest.out
configure:1292: checking for sys/time.h
configure:1302: gcc -E  conftest.c >/dev/null 2>conftest.out
configure:1292: checking for time.h
configure:1302: gcc -E  conftest.c >/dev/null 2>conftest.out
configure:1292: checking for netinet/in.h
configure:1302: gcc -E  conftest.c >/dev/null 2>conftest.out
configure:1292: checking for arpa/inet.h
configure:1302: gcc -E  conftest.c >/dev/null 2>conftest.out
configure:1292: checking for errno.h
configure:1302: gcc -E  conftest.c >/dev/null 2>conftest.out
configure:1292: checking for fcntl.h
configure:1302: gcc -E  conftest.c >/dev/null 2>conftest.out
configure:1292: checking for netdb.h
configure:1302: gcc -E  conftest.c >/dev/null 2>conftest.out
configure:1292: checking for signal.h
configure:1302: gcc -E  conftest.c >/dev/null 2>conftest.out
configure:1292: checking for stdio.h
configure:1302: gcc -E  conftest.c >/dev/null 2>conftest.out
configure:1292: checking for stdlib.h
configure:1302: gcc -E  conftest.c >/dev/null 2>conftest.out
configure:1292: checking for string.h
configure:1302: gcc -E  conftest.c >/dev/null 2>conftest.out
configure:1292: checking for sys/stat.h
configure:1302: gcc -E  conftest.c >/dev/null 2>conftest.out
configure:1292: checking for sys/uio.h
configure:1302: gcc -E  conftest.c >/dev/null 2>conftest.out
configure:1292: checking for unistd.h
configure:1302: gcc -E  conftest.c >/dev/null 2>conftest.out
configure:1292: checking for sys/wait.h
configure:1302: gcc -E  conftest.c >/dev/null 2>conftest.out
configure:1292: checking for sys/un.h
configure:1302: gcc -E  conftest.c >/dev/null 2>conftest.out
configure:1292: checking for sys/select.h
configure:1302: gcc -E  conftest.c >/dev/null 2>conftest.out
configure:1292: checking for poll.h
configure:1302: gcc -E  conftest.c >/dev/null 2>conftest.out
configure:1292: checking for strings.h
configure:1302: gcc -E  conftest.c >/dev/null 2>conftest.out
configure:1292: checking for sys/ioctl.h
configure:1302: gcc -E  conftest.c >/dev/null 2>conftest.out
configure:1292: checking for sys/filio.h
configure:1302: gcc -E  conftest.c >/dev/null 2>conftest.out
configure:1292: checking for sys/sockio.h
configure:1302: gcc -E  conftest.c >/dev/null 2>conftest.out
configure:1292: checking for pthread.h
configure:1302: gcc -E  conftest.c >/dev/null 2>conftest.out
configure:1292: checking for sys/sysctl.h
configure:1302: gcc -E  conftest.c >/dev/null 2>conftest.out
configure:1292: checking for poll.h
configure:1292: checking for xti.h
configure:1302: gcc -E  conftest.c >/dev/null 2>conftest.out
configure:1298:17: error: xti.h: No such file or directory
configure: failed program was:
#line 1297 "configure"
#include "confdefs.h"
#include <xti.h>
configure:1292: checking for xti_inet.h
configure:1302: gcc -E  conftest.c >/dev/null 2>conftest.out
configure:1298:22: error: xti_inet.h: No such file or directory
configure: failed program was:
#line 1297 "configure"
#include "confdefs.h"
#include <xti_inet.h>
configure:1292: checking for netconfig.h
configure:1302: gcc -E  conftest.c >/dev/null 2>conftest.out
configure:1298:23: error: netconfig.h: No such file or directory
configure: failed program was:
#line 1297 "configure"
#include "confdefs.h"
#include <netconfig.h>
configure:1292: checking for netdir.h
configure:1302: gcc -E  conftest.c >/dev/null 2>conftest.out
configure:1298:20: error: netdir.h: No such file or directory
configure: failed program was:
#line 1297 "configure"
#include "confdefs.h"
#include <netdir.h>
configure:1292: checking for stropts.h
configure:1302: gcc -E  conftest.c >/dev/null 2>conftest.out
configure:1298:21: error: stropts.h: No such file or directory
configure: failed program was:
#line 1297 "configure"
#include "confdefs.h"
#include <stropts.h>
configure:1330: checking whether time.h and sys/time.h may both be included
configure:1344: gcc -c -g -O2 -D_REENTRANT  conftest.c 1>&5
configure:1365: checking if uint8_t defined
configure:1447: gcc -c -g -O2 -D_REENTRANT  conftest.c 1>&5
configure:1468: checking if int16_t defined
configure:1550: gcc -c -g -O2 -D_REENTRANT  conftest.c 1>&5
configure:1571: checking if uint16_t defined
configure:1653: gcc -c -g -O2 -D_REENTRANT  conftest.c 1>&5
configure:1674: checking if int32_t defined
configure:1756: gcc -c -g -O2 -D_REENTRANT  conftest.c 1>&5
configure:1777: checking if uint32_t defined
configure:1859: gcc -c -g -O2 -D_REENTRANT  conftest.c 1>&5
configure:1880: checking if size_t defined
configure:1962: gcc -c -g -O2 -D_REENTRANT  conftest.c 1>&5
configure:1983: checking if ssize_t defined
configure:2065: gcc -c -g -O2 -D_REENTRANT  conftest.c 1>&5
configure:2086: checking if socklen_t defined
configure:2168: gcc -c -g -O2 -D_REENTRANT  conftest.c 1>&5
configure:2189: checking if sa_family_t defined
configure:2271: gcc -c -g -O2 -D_REENTRANT  conftest.c 1>&5
configure:2293: checking if t_scalar_t defined
configure:2390: gcc -c -g -O2 -D_REENTRANT  conftest.c 1>&5
configure: In function 'main':
configure:2386: error: 't_scalar_t' undeclared (first use in this function)
configure:2386: error: (Each undeclared identifier is reported only once
configure:2386: error: for each function it appears in.)
configure:2386: error: parse error before 'foo'
configure: failed program was:
#line 2298 "configure"
#include "confdefs.h"

#include	"confdefs.h"	/* the header built by configure so far */
#ifdef	HAVE_SYS_TYPES_H
#  include	<sys/types.h>
#endif
#ifdef	HAVE_SYS_SOCKET_H
#  include	<sys/socket.h>
#endif
#ifdef	HAVE_SYS_TIME_H
#  include    <sys/time.h>
#endif
#ifdef	HAVE_NETINET_IN_H
#  include    <netinet/in.h>
#endif
#ifdef	HAVE_ARPA_INET_H
#  include    <arpa/inet.h>
#endif
#ifdef	HAVE_ERRNO_H
#  include    <errno.h>
#endif
#ifdef	HAVE_FCNTL_H
#  include    <fcntl.h>
#endif
#ifdef	HAVE_NETDB_H
#  include	<netdb.h>
#endif
#ifdef	HAVE_SIGNAL_H
#  include	<signal.h>
#endif
#ifdef	HAVE_STDIO_H
#  include	<stdio.h>
#endif
#ifdef	HAVE_STDLIB_H
#  include	<stdlib.h>
#endif
#ifdef	HAVE_STRING_H
#  include	<string.h>
#endif
#ifdef	HAVE_SYS_STAT_H
#  include	<sys/stat.h>
#endif
#ifdef	HAVE_SYS_UIO_H
#  include	<sys/uio.h>
#endif
#ifdef	HAVE_UNISTD_H
#  include	<unistd.h>
#endif
#ifdef	HAVE_SYS_WAIT_H
#  include	<sys/wait.h>
#endif
#ifdef	HAVE_SYS_UN_H
#  include	<sys/un.h>
#endif
#ifdef	HAVE_SYS_SELECT_H
# include   <sys/select.h>
#endif
#ifdef	HAVE_STRINGS_H
# include   <strings.h>
#endif
#ifdef	HAVE_SYS_IOCTL_H
# include   <sys/ioctl.h>
#endif
#ifdef	HAVE_SYS_FILIO_H
# include   <sys/filio.h>
#endif
#ifdef	HAVE_SYS_SOCKIO_H
# include   <sys/sockio.h>
#endif
#ifdef	HAVE_PTHREAD_H
#  include	<pthread.h>
#endif
#ifdef	HAVE_POLL_H
#  include	<poll.h>
#endif
#ifdef	HAVE_XTI_H
#  include	<xti.h>
#endif
#ifdef	HAVE_NETCONFIG_H
#  include	<netconfig.h>
#endif
#ifdef	HAVE_NETDIR_H
#  include	<netdir.h>
#endif
#ifdef	HAVE_STROPTS_H
#  include	<stropts.h>
#endif
int main() {
 t_scalar_t foo 
; return 0; }
configure:2411: checking if t_uscalar_t defined
configure:2508: gcc -c -g -O2 -D_REENTRANT  conftest.c 1>&5
configure: In function 'main':
configure:2504: error: 't_uscalar_t' undeclared (first use in this function)
configure:2504: error: (Each undeclared identifier is reported only once
configure:2504: error: for each function it appears in.)
configure:2504: error: parse error before 'foo'
configure: failed program was:
#line 2416 "configure"
#include "confdefs.h"

#include	"confdefs.h"	/* the header built by configure so far */
#ifdef	HAVE_SYS_TYPES_H
#  include	<sys/types.h>
#endif
#ifdef	HAVE_SYS_SOCKET_H
#  include	<sys/socket.h>
#endif
#ifdef	HAVE_SYS_TIME_H
#  include    <sys/time.h>
#endif
#ifdef	HAVE_NETINET_IN_H
#  include    <netinet/in.h>
#endif
#ifdef	HAVE_ARPA_INET_H
#  include    <arpa/inet.h>
#endif
#ifdef	HAVE_ERRNO_H
#  include    <errno.h>
#endif
#ifdef	HAVE_FCNTL_H
#  include    <fcntl.h>
#endif
#ifdef	HAVE_NETDB_H
#  include	<netdb.h>
#endif
#ifdef	HAVE_SIGNAL_H
#  include	<signal.h>
#endif
#ifdef	HAVE_STDIO_H
#  include	<stdio.h>
#endif
#ifdef	HAVE_STDLIB_H
#  include	<stdlib.h>
#endif
#ifdef	HAVE_STRING_H
#  include	<string.h>
#endif
#ifdef	HAVE_SYS_STAT_H
#  include	<sys/stat.h>
#endif
#ifdef	HAVE_SYS_UIO_H
#  include	<sys/uio.h>
#endif
#ifdef	HAVE_UNISTD_H
#  include	<unistd.h>
#endif
#ifdef	HAVE_SYS_WAIT_H
#  include	<sys/wait.h>
#endif
#ifdef	HAVE_SYS_UN_H
#  include	<sys/un.h>
#endif
#ifdef	HAVE_SYS_SELECT_H
# include   <sys/select.h>
#endif
#ifdef	HAVE_STRINGS_H
# include   <strings.h>
#endif
#ifdef	HAVE_SYS_IOCTL_H
# include   <sys/ioctl.h>
#endif
#ifdef	HAVE_SYS_FILIO_H
# include   <sys/filio.h>
#endif
#ifdef	HAVE_SYS_SOCKIO_H
# include   <sys/sockio.h>
#endif
#ifdef	HAVE_PTHREAD_H
#  include	<pthread.h>
#endif
#ifdef	HAVE_POLL_H
#  include	<poll.h>
#endif
#ifdef	HAVE_XTI_H
#  include	<xti.h>
#endif
#ifdef	HAVE_NETCONFIG_H
#  include	<netconfig.h>
#endif
#ifdef	HAVE_NETDIR_H
#  include	<netdir.h>
#endif
#ifdef	HAVE_STROPTS_H
#  include	<stropts.h>
#endif
int main() {
 t_uscalar_t foo 
; return 0; }
configure:2530: checking if sockaddr{} has sa_len member
configure:2544: gcc -c -g -O2 -D_REENTRANT  conftest.c 1>&5
configure:2579: checking if msghdr{} has msg_control member
configure:2593: gcc -c -g -O2 -D_REENTRANT  conftest.c 1>&5
configure:2614: checking for getaddrinfo function prototype in netdb.h
configure:2645: checking for getnameinfo function prototype in netdb.h
configure:2676: checking for gethostname function prototype in unistd.h
configure:2707: checking for getrusage function prototype in sys/resource.h
configure:2738: checking for hstrerror function prototype in netdb.h
configure:2769: checking for if_nametoindex function prototype in net/if.h
configure:2800: checking for inet_aton function prototype in arpa/inet.h
configure:2831: checking for inet_pton function prototype in arpa/inet.h
configure:2862: checking for isfdtype function prototype in sys/stat.h
configure:2893: checking for pselect function prototype in sys/select.h
configure:2924: checking for snprintf function prototype in stdio.h
configure:2955: checking for sockatmark function prototype in sys/socket.h
configure:2987: checking for addrinfo{}
configure:3017: checking for if_nameindex{}
configure:3047: checking for sockaddr_dl{}
configure:3077: checking for timespec{}
configure:3107: checking for /dev/tcp
configure:3118: checking for /dev/xti/tcp
configure:3129: checking for /dev/streams/xtiso/tcp
configure:3145: checking for bzero
configure:3173: gcc -o conftest -g -O2 -D_REENTRANT   conftest.c -lresolv -lpthread  1>&5
configure:3157: warning: conflicting types for built-in function 'bzero'
configure:3200: checking for getaddrinfo
configure:3228: gcc -o conftest -g -O2 -D_REENTRANT   conftest.c -lresolv -lpthread  1>&5
configure:3255: checking for gethostname
configure:3283: gcc -o conftest -g -O2 -D_REENTRANT   conftest.c -lresolv -lpthread  1>&5
configure:3310: checking for gethostbyname2
configure:3338: gcc -o conftest -g -O2 -D_REENTRANT   conftest.c -lresolv -lpthread  1>&5
configure:3365: checking for gethostbyname_r
configure:3393: gcc -o conftest -g -O2 -D_REENTRANT   conftest.c -lresolv -lpthread  1>&5
/usr/bin/ld: Undefined symbols:
_gethostbyname_r
collect2: ld returned 1 exit status
configure: failed program was:
#line 3370 "configure"
#include "confdefs.h"
/* System header to define __stub macros and hopefully few prototypes,
    which can conflict with char gethostbyname_r(); below.  */
#include <assert.h>
/* Override any gcc2 internal prototype to avoid an error.  */
/* We use char because int might match the return type of a gcc2
    builtin and then its argument prototype would still apply.  */
char gethostbyname_r();

int main() {

/* The GNU C library defines this for functions which it implements
    to always fail with ENOSYS.  Some functions are actually named
    something starting with __ and the normal name is an alias.  */
#if defined (__stub_gethostbyname_r) || defined (__stub___gethostbyname_r)
choke me
#else
gethostbyname_r();
#endif

; return 0; }
configure:3420: checking for getnameinfo
configure:3448: gcc -o conftest -g -O2 -D_REENTRANT   conftest.c -lresolv -lpthread  1>&5
configure:3475: checking for hstrerror
configure:3503: gcc -o conftest -g -O2 -D_REENTRANT   conftest.c -lresolv -lpthread  1>&5
configure:3530: checking for if_nametoindex
configure:3558: gcc -o conftest -g -O2 -D_REENTRANT   conftest.c -lresolv -lpthread  1>&5
configure:3585: checking for inet_aton
configure:3613: gcc -o conftest -g -O2 -D_REENTRANT   conftest.c -lresolv -lpthread  1>&5
configure:3640: checking for inet_pton
configure:3668: gcc -o conftest -g -O2 -D_REENTRANT   conftest.c -lresolv -lpthread  1>&5
configure:3695: checking for isfdtype
configure:3723: gcc -o conftest -g -O2 -D_REENTRANT   conftest.c -lresolv -lpthread  1>&5
/usr/bin/ld: Undefined symbols:
_isfdtype
collect2: ld returned 1 exit status
configure: failed program was:
#line 3700 "configure"
#include "confdefs.h"
/* System header to define __stub macros and hopefully few prototypes,
    which can conflict with char isfdtype(); below.  */
#include <assert.h>
/* Override any gcc2 internal prototype to avoid an error.  */
/* We use char because int might match the return type of a gcc2
    builtin and then its argument prototype would still apply.  */
char isfdtype();

int main() {

/* The GNU C library defines this for functions which it implements
    to always fail with ENOSYS.  Some functions are actually named
    something starting with __ and the normal name is an alias.  */
#if defined (__stub_isfdtype) || defined (__stub___isfdtype)
choke me
#else
isfdtype();
#endif

; return 0; }
configure:3750: checking for poll
configure:3778: gcc -o conftest -g -O2 -D_REENTRANT   conftest.c -lresolv -lpthread  1>&5
configure:3805: checking for pselect
configure:3833: gcc -o conftest -g -O2 -D_REENTRANT   conftest.c -lresolv -lpthread  1>&5
configure:3860: checking for snprintf
configure:3888: gcc -o conftest -g -O2 -D_REENTRANT   conftest.c -lresolv -lpthread  1>&5
configure:3872: warning: conflicting types for built-in function 'snprintf'
configure:3915: checking for sockatmark
configure:3943: gcc -o conftest -g -O2 -D_REENTRANT   conftest.c -lresolv -lpthread  1>&5
/usr/bin/ld: Undefined symbols:
_sockatmark
collect2: ld returned 1 exit status
configure: failed program was:
#line 3920 "configure"
#include "confdefs.h"
/* System header to define __stub macros and hopefully few prototypes,
    which can conflict with char sockatmark(); below.  */
#include <assert.h>
/* Override any gcc2 internal prototype to avoid an error.  */
/* We use char because int might match the return type of a gcc2
    builtin and then its argument prototype would still apply.  */
char sockatmark();

int main() {

/* The GNU C library defines this for functions which it implements
    to always fail with ENOSYS.  Some functions are actually named
    something starting with __ and the normal name is an alias.  */
#if defined (__stub_sockatmark) || defined (__stub___sockatmark)
choke me
#else
sockatmark();
#endif

; return 0; }
configure:3970: checking for vsnprintf
configure:3998: gcc -o conftest -g -O2 -D_REENTRANT   conftest.c -lresolv -lpthread  1>&5
configure:3982: warning: conflicting types for built-in function 'vsnprintf'
configure:4025: checking for IPv4 support
configure:4050: gcc -o conftest -g -O2 -D_REENTRANT   conftest.c -lresolv -lpthread  1>&5
configure: In function 'main':
configure:4046: warning: incompatible implicit declaration of built-in function 'exit'
configure:4077: checking for IPv6 support
configure:4102: gcc -o conftest -g -O2 -D_REENTRANT   conftest.c -lresolv -lpthread  1>&5
configure: In function 'main':
configure:4098: warning: incompatible implicit declaration of built-in function 'exit'
configure:4129: checking for Unix domain sockets
configure:4154: gcc -o conftest -g -O2 -D_REENTRANT   conftest.c -lresolv -lpthread  1>&5
configure: In function 'main':
configure:4150: warning: incompatible implicit declaration of built-in function 'exit'
configure:4181: checking for multicast support
configure:4209: gcc -o conftest -g -O2 -D_REENTRANT   conftest.c -lresolv -lpthread  1>&5
configure: In function 'main':
configure:4201: warning: incompatible implicit declaration of built-in function 'exit'
configure:4356: checking for -I/Users/tom/doc/unp2ev1/src/include
